[2023-07-19 20:42:20,112,220] [Getting SpreadSheet: YN Ratio Sheet]
[2023-07-19 20:57:51,199,220] [Getting SpreadSheet: YN Ratio Sheet]
[2023-07-19 20:57:51,578,342] [OpenSeaAlertBot launched]
[2023-07-19 20:57:51,579,268] [Monitoring NFT Collection: https://opensea.io/collection/yieldnodesnft]
[2023-07-19 20:58:03,044,276] [Waiting for collection]
[2023-07-19 20:58:03,673,288] [Getting trait balance]
[2023-07-19 20:58:03,766,297] [Getting collection prices]
[2023-07-19 21:04:54,820,220] [Getting SpreadSheet: YN Ratio Sheet]
[2023-07-19 21:04:55,086,347] [OpenSeaAlertBot launched]
[2023-07-19 21:04:55,087,268] [Monitoring NFT Collection: https://opensea.io/collection/ul-punks2023]
[2023-07-19 21:05:09,336,276] [Waiting for collection]
[2023-07-19 21:05:09,830,288] [Getting trait balance]
[2023-07-20 11:38:49,742,220] [Getting SpreadSheet: YN Ratio Sheet]
[2023-07-20 11:38:50,052,351] [OpenSeaAlertBot launched]
[2023-07-20 11:38:50,053,268] [Monitoring NFT Collection: https://opensea.io/collection/ul-punks2023]
[2023-07-20 11:39:00,637,276] [Waiting for collection]
[2023-07-20 11:39:01,520,288] [Getting trait balance]
[2023-07-20 11:39:01,633,305] [Waiting for items]
[2023-07-20 11:39:21,667,308] [No item found, going to next cycle]
[2023-07-20 11:39:21,668,288] [Getting trait balance]
[2023-07-20 11:39:21,747,305] [Waiting for items]
[2023-07-20 11:39:41,763,308] [No item found, going to next cycle]
[2023-07-20 11:39:41,764,288] [Getting trait balance]
[2023-07-20 11:45:00,557,220] [Getting SpreadSheet: YN Ratio Sheet]
[2023-07-20 11:45:00,826,360] [OpenSeaAlertBot launched]
[2023-07-20 11:45:00,827,268] [Monitoring NFT Collection: https://opensea.io/collection/ul-punks2023]
[2023-07-20 11:45:11,612,276] [Waiting for collection]
[2023-07-20 11:45:12,490,286] [Waiting for collection]
[2023-07-20 11:45:13,053,297] [Getting trait balance]
[2023-07-20 11:46:30,923,220] [Getting SpreadSheet: YN Ratio Sheet]
[2023-07-20 11:46:31,182,360] [OpenSeaAlertBot launched]
[2023-07-20 11:46:31,183,268] [Monitoring NFT Collection: https://opensea.io/collection/ul-punks2023]
[2023-07-20 11:46:41,764,276] [Waiting for collection]
[2023-07-20 11:46:42,058,286] [Toggle list view]
[2023-07-20 11:46:42,913,297] [Getting trait balance]
[2023-07-20 11:47:19,939,220] [Getting SpreadSheet: YN Ratio Sheet]
[2023-07-20 11:47:20,216,361] [OpenSeaAlertBot launched]
[2023-07-20 11:47:20,217,268] [Monitoring NFT Collection: https://opensea.io/collection/ul-punks2023]
[2023-07-20 11:47:30,982,276] [Waiting for collection]
[2023-07-20 11:48:18,493,298] [Getting trait balance]
[2023-07-20 11:56:15,088,220] [Getting SpreadSheet: YN Ratio Sheet]
[2023-07-20 11:56:15,407,363] [OpenSeaAlertBot launched]
[2023-07-20 11:56:15,408,268] [Monitoring NFT Collection: https://opensea.io/collection/ul-punks2023]
[2023-07-20 11:56:26,380,276] [Waiting for collection]
[2023-07-20 11:56:28,187,299] [Getting trait balance]
[2023-07-20 11:56:31,304,317] [Waiting for items]
[2023-07-20 11:56:51,340,320] [No item found, going to next cycle]
[2023-07-20 11:56:51,341,299] [Getting trait balance]
[2023-07-20 11:56:54,426,317] [Waiting for items]
[2023-07-20 11:57:14,451,320] [No item found, going to next cycle]
[2023-07-20 11:57:14,451,299] [Getting trait balance]
[2023-07-20 11:57:17,515,317] [Waiting for items]
[2023-07-20 11:57:35,858,320] [No item found, going to next cycle]
[2023-07-20 11:57:35,860,299] [Getting trait balance]
[2023-07-20 12:07:14,499,220] [Getting SpreadSheet: YN Ratio Sheet]
[2023-07-20 12:07:14,802,365] [OpenSeaAlertBot launched]
[2023-07-20 12:07:14,803,268] [Monitoring NFT Collection: https://opensea.io/collection/ul-punks2023]
[2023-07-20 12:07:24,421,276] [Waiting for collection]
[2023-07-20 12:07:26,306,299] [Getting trait balance]
[2023-07-20 12:09:10,256,220] [Getting SpreadSheet: YN Ratio Sheet]
[2023-07-20 12:09:10,564,365] [OpenSeaAlertBot launched]
[2023-07-20 12:09:10,565,268] [Monitoring NFT Collection: https://opensea.io/collection/ul-punks2023]
[2023-07-20 12:09:22,226,276] [Waiting for collection]
[2023-07-20 12:09:23,961,299] [Getting trait balance]
[2023-07-20 12:09:27,058,317] [Waiting for items]
[2023-07-20 12:09:58,893,220] [Getting SpreadSheet: YN Ratio Sheet]
[2023-07-20 12:09:59,171,365] [OpenSeaAlertBot launched]
[2023-07-20 12:09:59,171,268] [Monitoring NFT Collection: https://opensea.io/collection/ul-punks2023]
[2023-07-20 12:10:09,924,276] [Waiting for collection]
[2023-07-20 12:10:11,698,299] [Getting trait balance]
[2023-07-20 12:10:14,789,317] [Waiting for items]
[2023-07-20 12:11:27,774,220] [Getting SpreadSheet: YN Ratio Sheet]
[2023-07-20 12:11:28,095,365] [OpenSeaAlertBot launched]
[2023-07-20 12:11:28,096,268] [Monitoring NFT Collection: https://opensea.io/collection/ul-punks2023]
[2023-07-20 12:11:38,526,276] [Waiting for collection]
[2023-07-20 12:11:40,253,299] [Getting trait balance]
[2023-07-20 12:11:43,362,317] [Waiting for items]
[2023-07-20 12:11:43,611,331] [Listing price: 0.02]
[2023-07-20 12:11:43,674,343] [Condition matched: True]
[2023-07-20 12:11:43,675,153] [Sending Telegram message: {'Listing Price': 0.02, 'Account Value': 12.0, 'Ratio': 600.0, 'Link': 'https://opensea.io/assets/ethereum/0x789e35a999c443fe6089544056f728239b8ffee7/4429'}]
[2023-07-20 12:38:26,284,220] [Getting SpreadSheet: YN Ratio Sheet]
[2023-07-20 12:38:26,554,365] [OpenSeaAlertBot launched]
[2023-07-20 12:38:26,555,268] [Monitoring NFT Collection: https://opensea.io/collection/ul-punks2023]
[2023-07-20 12:38:39,444,276] [Waiting for collection]
[2023-07-20 12:38:41,143,299] [Getting trait balance]
[2023-07-20 12:38:44,250,317] [Waiting for items]
[2023-07-20 12:38:44,396,331] [Listing price: 38.0]
[2023-07-20 12:38:44,439,343] [Condition matched: False]
[2023-07-20 12:42:20,232,220] [Getting SpreadSheet: YN Ratio Sheet]
[2023-07-20 12:42:20,497,365] [OpenSeaAlertBot launched]
[2023-07-20 12:42:20,498,268] [Monitoring NFT Collection: https://opensea.io/collection/ul-punks2023]
[2023-07-20 12:42:30,950,276] [Waiting for collection]
[2023-07-20 12:42:32,800,299] [Getting trait balance]
[2023-07-20 12:42:35,940,317] [Waiting for items]
[2023-07-20 12:42:36,153,343] [{'Listing Price': 38.0, 'Account Value': 12.0, 'Ratio': 0.3157894736842105, 'Link': 'https://opensea.io/assets/ethereum/0x789e35a999c443fe6089544056f728239b8ffee7/4429'} Condition matched: False]
[2023-07-20 12:42:36,245,343] [{'Listing Price': 1900000.0, 'Account Value': 12.0, 'Ratio': 6.31578947368421e-06, 'Link': 'https://opensea.io/assets/ethereum/0x789e35a999c443fe6089544056f728239b8ffee7/1676'} Condition matched: False]
[2023-07-20 12:42:36,246,354] [Collection Stats: {'Listing Price': [38.0, 1900000.0], 'Account Value': [12.0, 12.0], 'Link': ['https://opensea.io/assets/ethereum/0x789e35a999c443fe6089544056f728239b8ffee7/4429', 'https://opensea.io/assets/ethereum/0x789e35a999c443fe6089544056f728239b8ffee7/1676']}]
[2023-07-20 12:48:21,095,220] [Getting SpreadSheet: YN Ratio Sheet]
[2023-07-20 12:48:21,359,365] [OpenSeaAlertBot launched]
[2023-07-20 12:48:21,360,268] [Monitoring NFT Collection: https://opensea.io/collection/ul-punks2023]
[2023-07-20 12:48:32,667,276] [Waiting for collection]
[2023-07-20 12:48:34,438,299] [Getting trait balance]
[2023-07-20 12:48:37,524,317] [Waiting for items]
[2023-07-20 12:48:37,687,343] [{'Listing Price': 38.0, 'Account Value': 12.0, 'Ratio': 0.3157894736842105, 'Link': 'https://opensea.io/assets/ethereum/0x789e35a999c443fe6089544056f728239b8ffee7/4429'} Condition matched: False]
[2023-07-20 12:48:37,783,343] [{'Listing Price': 1900000.0, 'Account Value': 12.0, 'Ratio': 6.31578947368421e-06, 'Link': 'https://opensea.io/assets/ethereum/0x789e35a999c443fe6089544056f728239b8ffee7/1676'} Condition matched: False]
[2023-07-20 12:51:16,728,220] [Getting SpreadSheet: YN Ratio Sheet]
[2023-07-20 12:51:17,023,365] [OpenSeaAlertBot launched]
[2023-07-20 12:51:17,023,269] [Monitoring NFT Collection: https://opensea.io/collection/ul-punks2023]
[2023-07-20 12:51:29,357,277] [Waiting for collection]
[2023-07-20 12:51:31,162,300] [Getting trait balance]
[2023-07-20 12:51:34,276,318] [Waiting for items]
[2023-07-20 12:51:34,571,344] [{'Listing Price': 38.0, 'Account Value': 12.0, 'Ratio': 0.3157894736842105, 'Link': 'https://opensea.io/assets/ethereum/0x789e35a999c443fe6089544056f728239b8ffee7/4429'} Condition matched: False]
[2023-07-20 12:51:34,662,344] [{'Listing Price': 1900000.0, 'Account Value': 12.0, 'Ratio': 6.31578947368421e-06, 'Link': 'https://opensea.io/assets/ethereum/0x789e35a999c443fe6089544056f728239b8ffee7/1676'} Condition matched: False]
[2023-07-20 12:51:34,664,235] [Updating Spreadsheet: YN Ratio Sheet]
[2023-07-20 12:54:45,482,220] [Getting SpreadSheet Auth: YNRatioSheet]
[2023-07-20 12:54:46,244,365] [OpenSeaAlertBot launched]
[2023-07-20 12:54:46,245,269] [Monitoring NFT Collection: https://opensea.io/collection/ul-punks2023]
[2023-07-20 12:54:56,798,277] [Waiting for collection]
[2023-07-20 12:54:58,573,300] [Getting trait balance]
[2023-07-20 12:55:01,666,318] [Waiting for items]
[2023-07-20 12:55:01,880,344] [{'Listing Price': 38.0, 'Account Value': 12.0, 'Ratio': 0.3157894736842105, 'Link': 'https://opensea.io/assets/ethereum/0x789e35a999c443fe6089544056f728239b8ffee7/4429'} Condition matched: False]
[2023-07-20 12:55:01,972,344] [{'Listing Price': 1900000.0, 'Account Value': 12.0, 'Ratio': 6.31578947368421e-06, 'Link': 'https://opensea.io/assets/ethereum/0x789e35a999c443fe6089544056f728239b8ffee7/1676'} Condition matched: False]
[2023-07-20 12:55:01,973,235] [Updating Spreadsheet: YNRatioSheet]
[2023-07-20 12:57:50,378,220] [Getting SpreadSheet Auth: YNRatioSheet]
[2023-07-20 12:57:50,793,365] [OpenSeaAlertBot launched]
[2023-07-20 12:57:50,794,269] [Monitoring NFT Collection: https://opensea.io/collection/ul-punks2023]
[2023-07-20 12:58:00,625,277] [Waiting for collection]
[2023-07-20 12:58:03,379,300] [Getting trait balance]
[2023-07-20 12:58:06,538,318] [Waiting for items]
[2023-07-20 12:58:06,710,344] [{'Listing Price': 38.0, 'Account Value': 12.0, 'Ratio': 0.3157894736842105, 'Link': 'https://opensea.io/assets/ethereum/0x789e35a999c443fe6089544056f728239b8ffee7/4429'} Condition matched: False]
[2023-07-20 12:58:06,807,344] [{'Listing Price': 1900000.0, 'Account Value': 12.0, 'Ratio': 6.31578947368421e-06, 'Link': 'https://opensea.io/assets/ethereum/0x789e35a999c443fe6089544056f728239b8ffee7/1676'} Condition matched: False]
[2023-07-20 12:58:06,809,235] [Updating Spreadsheet: YNRatioSheet]
[2023-07-20 13:02:36,535,220] [Getting SpreadSheet Auth: YN Ratio Sheet]
[2023-07-20 13:02:36,791,365] [OpenSeaAlertBot launched]
[2023-07-20 13:02:36,792,269] [Monitoring NFT Collection: https://opensea.io/collection/ul-punks2023]
[2023-07-20 13:02:47,700,277] [Waiting for collection]
[2023-07-20 13:02:49,384,300] [Getting trait balance]
[2023-07-20 13:02:52,513,318] [Waiting for items]
[2023-07-20 13:02:52,689,344] [{'Listing Price': 38.0, 'Account Value': 12.0, 'Ratio': 0.3157894736842105, 'Link': 'https://opensea.io/assets/ethereum/0x789e35a999c443fe6089544056f728239b8ffee7/4429'} Condition matched: False]
[2023-07-20 13:02:52,804,344] [{'Listing Price': 1900000.0, 'Account Value': 12.0, 'Ratio': 6.31578947368421e-06, 'Link': 'https://opensea.io/assets/ethereum/0x789e35a999c443fe6089544056f728239b8ffee7/1676'} Condition matched: False]
[2023-07-20 13:02:52,805,235] [Updating Spreadsheet: YN Ratio Sheet]
[2023-07-20 13:02:58,005,263] [Updated SpreadSheet: YN Ratio Sheet: WorkSheet: Sheet1]
[2023-07-20 13:02:58,006,359] [collection stats have been updated in Spreadsheet: YN Ratio Sheet]
[2023-07-20 13:02:58,007,300] [Getting trait balance]
[2023-07-20 13:03:01,073,318] [Waiting for items]
[2023-07-20 13:03:01,204,344] [{'Listing Price': 38.0, 'Account Value': 12.0, 'Ratio': 0.3157894736842105, 'Link': 'https://opensea.io/assets/ethereum/0x789e35a999c443fe6089544056f728239b8ffee7/4429'} Condition matched: False]
[2023-07-20 13:03:01,346,344] [{'Listing Price': 1900000.0, 'Account Value': 12.0, 'Ratio': 6.31578947368421e-06, 'Link': 'https://opensea.io/assets/ethereum/0x789e35a999c443fe6089544056f728239b8ffee7/1676'} Condition matched: False]
[2023-07-20 13:03:01,347,235] [Updating Spreadsheet: YN Ratio Sheet]
[2023-07-20 13:03:05,497,263] [Updated SpreadSheet: YN Ratio Sheet: WorkSheet: Sheet1]
[2023-07-20 13:03:05,498,359] [collection stats have been updated in Spreadsheet: YN Ratio Sheet]
[2023-07-20 13:03:05,499,300] [Getting trait balance]
[2023-07-20 13:03:08,576,318] [Waiting for items]
[2023-07-20 13:03:08,741,344] [{'Listing Price': 38.0, 'Account Value': 12.0, 'Ratio': 0.3157894736842105, 'Link': 'https://opensea.io/assets/ethereum/0x789e35a999c443fe6089544056f728239b8ffee7/4429'} Condition matched: False]
[2023-07-20 13:03:08,870,344] [{'Listing Price': 1900000.0, 'Account Value': 12.0, 'Ratio': 6.31578947368421e-06, 'Link': 'https://opensea.io/assets/ethereum/0x789e35a999c443fe6089544056f728239b8ffee7/1676'} Condition matched: False]
[2023-07-20 13:03:08,872,235] [Updating Spreadsheet: YN Ratio Sheet]
[2023-07-20 13:03:12,696,263] [Updated SpreadSheet: YN Ratio Sheet: WorkSheet: Sheet1]
[2023-07-20 13:03:12,697,359] [collection stats have been updated in Spreadsheet: YN Ratio Sheet]
[2023-07-20 13:03:12,697,300] [Getting trait balance]
[2023-07-20 13:03:15,765,318] [Waiting for items]
[2023-07-20 13:03:15,919,344] [{'Listing Price': 38.0, 'Account Value': 12.0, 'Ratio': 0.3157894736842105, 'Link': 'https://opensea.io/assets/ethereum/0x789e35a999c443fe6089544056f728239b8ffee7/4429'} Condition matched: False]
[2023-07-20 13:03:16,023,344] [{'Listing Price': 1900000.0, 'Account Value': 12.0, 'Ratio': 6.31578947368421e-06, 'Link': 'https://opensea.io/assets/ethereum/0x789e35a999c443fe6089544056f728239b8ffee7/1676'} Condition matched: False]
[2023-07-20 13:03:16,025,235] [Updating Spreadsheet: YN Ratio Sheet]
[2023-07-20 13:03:19,816,263] [Updated SpreadSheet: YN Ratio Sheet: WorkSheet: Sheet1]
[2023-07-20 13:03:19,817,359] [collection stats have been updated in Spreadsheet: YN Ratio Sheet]
[2023-07-20 13:03:19,817,300] [Getting trait balance]
[2023-07-20 13:03:22,881,318] [Waiting for items]
[2023-07-20 13:03:23,023,344] [{'Listing Price': 38.0, 'Account Value': 12.0, 'Ratio': 0.3157894736842105, 'Link': 'https://opensea.io/assets/ethereum/0x789e35a999c443fe6089544056f728239b8ffee7/4429'} Condition matched: False]
[2023-07-20 13:03:23,117,344] [{'Listing Price': 1900000.0, 'Account Value': 12.0, 'Ratio': 6.31578947368421e-06, 'Link': 'https://opensea.io/assets/ethereum/0x789e35a999c443fe6089544056f728239b8ffee7/1676'} Condition matched: False]
[2023-07-20 13:03:23,119,235] [Updating Spreadsheet: YN Ratio Sheet]
[2023-07-20 13:03:26,800,263] [Updated SpreadSheet: YN Ratio Sheet: WorkSheet: Sheet1]
[2023-07-20 13:03:26,801,359] [collection stats have been updated in Spreadsheet: YN Ratio Sheet]
[2023-07-20 13:03:26,802,300] [Getting trait balance]
[2023-07-20 13:03:29,899,318] [Waiting for items]
[2023-07-20 13:03:30,035,344] [{'Listing Price': 38.0, 'Account Value': 12.0, 'Ratio': 0.3157894736842105, 'Link': 'https://opensea.io/assets/ethereum/0x789e35a999c443fe6089544056f728239b8ffee7/4429'} Condition matched: False]
[2023-07-20 13:03:30,138,344] [{'Listing Price': 1900000.0, 'Account Value': 12.0, 'Ratio': 6.31578947368421e-06, 'Link': 'https://opensea.io/assets/ethereum/0x789e35a999c443fe6089544056f728239b8ffee7/1676'} Condition matched: False]
[2023-07-20 13:03:30,139,235] [Updating Spreadsheet: YN Ratio Sheet]
[2023-07-20 13:06:15,684,220] [Getting SpreadSheet Auth: YN Ratio Sheet]
[2023-07-20 13:06:15,938,365] [OpenSeaAlertBot launched]
[2023-07-20 13:06:15,939,269] [Monitoring NFT Collection: https://opensea.io/collection/ul-punks2023]
[2023-07-20 13:06:26,951,277] [Waiting for collection]
[2023-07-20 13:06:28,695,300] [Getting trait balance]
[2023-07-20 13:06:31,786,318] [Waiting for items]
[2023-07-20 13:06:31,992,344] [{'Listing Price': 38.0, 'Account Value': 12.0, 'Ratio': 0.3157894736842105, 'Link': 'https://opensea.io/assets/ethereum/0x789e35a999c443fe6089544056f728239b8ffee7/4429'} Condition matched: False]
[2023-07-20 13:06:32,082,344] [{'Listing Price': 1900000.0, 'Account Value': 12.0, 'Ratio': 6.31578947368421e-06, 'Link': 'https://opensea.io/assets/ethereum/0x789e35a999c443fe6089544056f728239b8ffee7/1676'} Condition matched: False]
[2023-07-20 13:06:32,083,235] [Updating Spreadsheet: YN Ratio Sheet]
[2023-07-20 13:06:36,921,263] [Updated SpreadSheet: YN Ratio Sheet: WorkSheet: Sheet1]
[2023-07-20 13:06:36,922,359] [collection stats have been updated in Spreadsheet: YN Ratio Sheet]
[2023-07-20 13:06:36,923,300] [Getting trait balance]
[2023-07-20 13:06:40,020,318] [Waiting for items]
[2023-07-20 13:06:40,495,344] [{'Listing Price': 38.0, 'Account Value': 12.0, 'Ratio': 0.3157894736842105, 'Link': 'https://opensea.io/assets/ethereum/0x789e35a999c443fe6089544056f728239b8ffee7/4429'} Condition matched: False]
[2023-07-20 13:06:40,586,344] [{'Listing Price': 1900000.0, 'Account Value': 12.0, 'Ratio': 6.31578947368421e-06, 'Link': 'https://opensea.io/assets/ethereum/0x789e35a999c443fe6089544056f728239b8ffee7/1676'} Condition matched: False]
[2023-07-20 13:06:40,587,235] [Updating Spreadsheet: YN Ratio Sheet]
[2023-07-20 13:06:44,362,263] [Updated SpreadSheet: YN Ratio Sheet: WorkSheet: Sheet1]
[2023-07-20 13:06:44,363,359] [collection stats have been updated in Spreadsheet: YN Ratio Sheet]
[2023-07-20 13:06:44,364,300] [Getting trait balance]
[2023-07-20 13:06:47,804,318] [Waiting for items]
[2023-07-20 13:06:48,003,344] [{'Listing Price': 38.0, 'Account Value': 12.0, 'Ratio': 0.3157894736842105, 'Link': 'https://opensea.io/assets/ethereum/0x789e35a999c443fe6089544056f728239b8ffee7/4429'} Condition matched: False]
[2023-07-20 13:06:48,127,344] [{'Listing Price': 1900000.0, 'Account Value': 12.0, 'Ratio': 6.31578947368421e-06, 'Link': 'https://opensea.io/assets/ethereum/0x789e35a999c443fe6089544056f728239b8ffee7/1676'} Condition matched: False]
[2023-07-20 13:06:48,129,235] [Updating Spreadsheet: YN Ratio Sheet]
[2023-07-20 13:06:52,546,263] [Updated SpreadSheet: YN Ratio Sheet: WorkSheet: Sheet1]
[2023-07-20 13:06:52,547,359] [collection stats have been updated in Spreadsheet: YN Ratio Sheet]
[2023-07-20 13:06:52,548,300] [Getting trait balance]
[2023-07-20 13:06:55,624,318] [Waiting for items]
[2023-07-20 13:06:55,755,344] [{'Listing Price': 38.0, 'Account Value': 12.0, 'Ratio': 0.3157894736842105, 'Link': 'https://opensea.io/assets/ethereum/0x789e35a999c443fe6089544056f728239b8ffee7/4429'} Condition matched: False]
[2023-07-20 13:06:55,846,344] [{'Listing Price': 1900000.0, 'Account Value': 12.0, 'Ratio': 6.31578947368421e-06, 'Link': 'https://opensea.io/assets/ethereum/0x789e35a999c443fe6089544056f728239b8ffee7/1676'} Condition matched: False]
[2023-07-20 13:06:55,849,235] [Updating Spreadsheet: YN Ratio Sheet]
[2023-07-20 13:07:00,080,263] [Updated SpreadSheet: YN Ratio Sheet: WorkSheet: Sheet1]
[2023-07-20 13:07:00,081,359] [collection stats have been updated in Spreadsheet: YN Ratio Sheet]
[2023-07-20 13:07:00,082,300] [Getting trait balance]
[2023-07-20 13:07:03,178,318] [Waiting for items]
[2023-07-20 13:07:03,319,344] [{'Listing Price': 38.0, 'Account Value': 12.0, 'Ratio': 0.3157894736842105, 'Link': 'https://opensea.io/assets/ethereum/0x789e35a999c443fe6089544056f728239b8ffee7/4429'} Condition matched: False]
[2023-07-20 13:07:03,409,344] [{'Listing Price': 1900000.0, 'Account Value': 12.0, 'Ratio': 6.31578947368421e-06, 'Link': 'https://opensea.io/assets/ethereum/0x789e35a999c443fe6089544056f728239b8ffee7/1676'} Condition matched: False]
[2023-07-20 13:07:03,410,235] [Updating Spreadsheet: YN Ratio Sheet]
[2023-07-20 13:43:30,791,221] [Getting SpreadSheet Auth: YN Ratio Sheet]
[2023-07-20 13:43:31,081,366] [OpenSeaAlertBot launched]
[2023-07-20 13:43:31,082,270] [Monitoring NFT Collection: https://opensea.io/collection/ul-punks2023]
[2023-07-20 13:43:42,712,278] [Waiting for collection]
[2023-07-20 13:43:44,859,301] [Getting trait balance]
[2023-07-20 13:43:47,998,319] [Waiting for items]
[2023-07-20 13:43:48,163,345] [{'Listing Price': 36.0, 'Account Value': 12.0, 'Ratio': 0.3333333333333333, 'Link': 'https://opensea.io/assets/ethereum/0x789e35a999c443fe6089544056f728239b8ffee7/4429'} Condition matched: False]
[2023-07-20 13:43:48,262,345] [{'Listing Price': 1800000.0, 'Account Value': 12.0, 'Ratio': 6.666666666666667e-06, 'Link': 'https://opensea.io/assets/ethereum/0x789e35a999c443fe6089544056f728239b8ffee7/1676'} Condition matched: False]
[2023-07-20 13:43:48,264,236] [Updating Spreadsheet: YN Ratio Sheet]
[2023-07-20 13:43:53,537,264] [Updated SpreadSheet: YN Ratio Sheet: WorkSheet: Sheet1]
[2023-07-20 13:43:53,538,360] [collection stats have been updated in Spreadsheet: YN Ratio Sheet]
[2023-07-20 13:43:53,538,301] [Getting trait balance]
[2023-07-20 13:43:56,602,319] [Waiting for items]
[2023-07-20 13:43:56,759,345] [{'Listing Price': 36.0, 'Account Value': 12.0, 'Ratio': 0.3333333333333333, 'Link': 'https://opensea.io/assets/ethereum/0x789e35a999c443fe6089544056f728239b8ffee7/4429'} Condition matched: False]
[2023-07-20 13:43:56,867,345] [{'Listing Price': 1800000.0, 'Account Value': 12.0, 'Ratio': 6.666666666666667e-06, 'Link': 'https://opensea.io/assets/ethereum/0x789e35a999c443fe6089544056f728239b8ffee7/1676'} Condition matched: False]
[2023-07-20 13:43:56,869,236] [Updating Spreadsheet: YN Ratio Sheet]
[2023-07-20 13:44:00,394,264] [Updated SpreadSheet: YN Ratio Sheet: WorkSheet: Sheet1]
[2023-07-20 13:44:00,394,360] [collection stats have been updated in Spreadsheet: YN Ratio Sheet]
[2023-07-20 13:44:00,395,301] [Getting trait balance]
[2023-07-20 13:44:03,491,319] [Waiting for items]
[2023-07-20 13:44:03,722,345] [{'Listing Price': 36.0, 'Account Value': 12.0, 'Ratio': 0.3333333333333333, 'Link': 'https://opensea.io/assets/ethereum/0x789e35a999c443fe6089544056f728239b8ffee7/4429'} Condition matched: False]
[2023-07-20 13:44:03,899,345] [{'Listing Price': 1800000.0, 'Account Value': 12.0, 'Ratio': 6.666666666666667e-06, 'Link': 'https://opensea.io/assets/ethereum/0x789e35a999c443fe6089544056f728239b8ffee7/1676'} Condition matched: False]
[2023-07-20 13:44:03,901,236] [Updating Spreadsheet: YN Ratio Sheet]
[2023-07-20 13:44:08,368,264] [Updated SpreadSheet: YN Ratio Sheet: WorkSheet: Sheet1]
[2023-07-20 13:44:08,369,360] [collection stats have been updated in Spreadsheet: YN Ratio Sheet]
[2023-07-20 13:44:08,371,301] [Getting trait balance]
[2023-07-20 13:44:11,452,319] [Waiting for items]
[2023-07-20 13:44:11,611,345] [{'Listing Price': 36.0, 'Account Value': 12.0, 'Ratio': 0.3333333333333333, 'Link': 'https://opensea.io/assets/ethereum/0x789e35a999c443fe6089544056f728239b8ffee7/4429'} Condition matched: False]
[2023-07-20 13:44:11,721,345] [{'Listing Price': 1800000.0, 'Account Value': 12.0, 'Ratio': 6.666666666666667e-06, 'Link': 'https://opensea.io/assets/ethereum/0x789e35a999c443fe6089544056f728239b8ffee7/1676'} Condition matched: False]
[2023-07-20 13:44:11,722,236] [Updating Spreadsheet: YN Ratio Sheet]
[2023-07-20 13:44:15,872,264] [Updated SpreadSheet: YN Ratio Sheet: WorkSheet: Sheet1]
[2023-07-20 13:44:15,873,360] [collection stats have been updated in Spreadsheet: YN Ratio Sheet]
[2023-07-20 13:44:15,873,301] [Getting trait balance]
[2023-07-20 13:44:18,939,319] [Waiting for items]
[2023-07-20 13:44:19,079,345] [{'Listing Price': 36.0, 'Account Value': 12.0, 'Ratio': 0.3333333333333333, 'Link': 'https://opensea.io/assets/ethereum/0x789e35a999c443fe6089544056f728239b8ffee7/4429'} Condition matched: False]
[2023-07-20 13:44:19,195,345] [{'Listing Price': 1800000.0, 'Account Value': 12.0, 'Ratio': 6.666666666666667e-06, 'Link': 'https://opensea.io/assets/ethereum/0x789e35a999c443fe6089544056f728239b8ffee7/1676'} Condition matched: False]
[2023-07-20 13:44:19,197,236] [Updating Spreadsheet: YN Ratio Sheet]
[2023-07-20 13:44:23,251,264] [Updated SpreadSheet: YN Ratio Sheet: WorkSheet: Sheet1]
[2023-07-20 13:44:23,253,360] [collection stats have been updated in Spreadsheet: YN Ratio Sheet]
[2023-07-20 13:44:23,253,301] [Getting trait balance]
[2023-07-20 13:44:26,332,319] [Waiting for items]
[2023-07-20 13:44:26,479,345] [{'Listing Price': 36.0, 'Account Value': 12.0, 'Ratio': 0.3333333333333333, 'Link': 'https://opensea.io/assets/ethereum/0x789e35a999c443fe6089544056f728239b8ffee7/4429'} Condition matched: False]
[2023-07-20 13:44:26,595,345] [{'Listing Price': 1800000.0, 'Account Value': 12.0, 'Ratio': 6.666666666666667e-06, 'Link': 'https://opensea.io/assets/ethereum/0x789e35a999c443fe6089544056f728239b8ffee7/1676'} Condition matched: False]
[2023-07-20 13:44:26,597,236] [Updating Spreadsheet: YN Ratio Sheet]
[2023-07-20 13:44:31,214,264] [Updated SpreadSheet: YN Ratio Sheet: WorkSheet: Sheet1]
[2023-07-20 13:44:31,215,360] [collection stats have been updated in Spreadsheet: YN Ratio Sheet]
[2023-07-20 13:44:31,216,301] [Getting trait balance]
[2023-07-20 13:44:34,309,319] [Waiting for items]
[2023-07-20 13:44:34,521,345] [{'Listing Price': 36.0, 'Account Value': 12.0, 'Ratio': 0.3333333333333333, 'Link': 'https://opensea.io/assets/ethereum/0x789e35a999c443fe6089544056f728239b8ffee7/4429'} Condition matched: False]
[2023-07-20 13:44:34,702,345] [{'Listing Price': 1800000.0, 'Account Value': 12.0, 'Ratio': 6.666666666666667e-06, 'Link': 'https://opensea.io/assets/ethereum/0x789e35a999c443fe6089544056f728239b8ffee7/1676'} Condition matched: False]
[2023-07-20 13:44:34,705,236] [Updating Spreadsheet: YN Ratio Sheet]
[2023-07-20 13:44:38,103,264] [Updated SpreadSheet: YN Ratio Sheet: WorkSheet: Sheet1]
[2023-07-20 13:44:38,104,360] [collection stats have been updated in Spreadsheet: YN Ratio Sheet]
[2023-07-20 13:44:38,105,301] [Getting trait balance]
[2023-07-20 13:44:41,411,319] [Waiting for items]
[2023-07-20 13:44:41,633,345] [{'Listing Price': 36.0, 'Account Value': 12.0, 'Ratio': 0.3333333333333333, 'Link': 'https://opensea.io/assets/ethereum/0x789e35a999c443fe6089544056f728239b8ffee7/4429'} Condition matched: False]
[2023-07-20 13:44:41,929,345] [{'Listing Price': 1800000.0, 'Account Value': 12.0, 'Ratio': 6.666666666666667e-06, 'Link': 'https://opensea.io/assets/ethereum/0x789e35a999c443fe6089544056f728239b8ffee7/1676'} Condition matched: False]
[2023-07-20 13:44:41,931,236] [Updating Spreadsheet: YN Ratio Sheet]
[2023-07-20 13:44:45,297,264] [Updated SpreadSheet: YN Ratio Sheet: WorkSheet: Sheet1]
[2023-07-20 13:44:45,299,360] [collection stats have been updated in Spreadsheet: YN Ratio Sheet]
[2023-07-20 13:44:45,300,301] [Getting trait balance]
[2023-07-20 13:45:00,573,221] [Getting SpreadSheet Auth: YN Ratio Sheet]
[2023-07-20 13:45:00,876,366] [OpenSeaAlertBot launched]
[2023-07-20 13:45:00,877,270] [Monitoring NFT Collection: https://opensea.io/collection/ul-punks2023]
[2023-07-20 13:45:12,751,278] [Waiting for collection]
[2023-07-20 13:45:14,564,301] [Getting trait balance]
[2023-07-20 13:45:17,688,319] [Waiting for items]
[2023-07-20 13:45:17,870,345] [{'Listing Price': 36.0, 'Account Value': 12.0, 'Ratio': 0.3333333333333333, 'Link': 'https://opensea.io/assets/ethereum/0x789e35a999c443fe6089544056f728239b8ffee7/4429'} Condition matched: False]
[2023-07-20 13:45:17,970,345] [{'Listing Price': 1800000.0, 'Account Value': 12.0, 'Ratio': 6.666666666666667e-06, 'Link': 'https://opensea.io/assets/ethereum/0x789e35a999c443fe6089544056f728239b8ffee7/1676'} Condition matched: False]
[2023-07-20 13:45:17,972,236] [Updating Spreadsheet: YN Ratio Sheet]
[2023-07-20 13:45:22,504,264] [Updated SpreadSheet: YN Ratio Sheet: WorkSheet: Sheet1]
[2023-07-20 13:45:22,505,360] [collection stats have been updated in Spreadsheet: YN Ratio Sheet]
[2023-07-20 13:45:22,506,301] [Getting trait balance]
[2023-07-20 13:45:25,608,319] [Waiting for items]
[2023-07-20 13:45:25,799,345] [{'Listing Price': 36.0, 'Account Value': 12.0, 'Ratio': 0.3333333333333333, 'Link': 'https://opensea.io/assets/ethereum/0x789e35a999c443fe6089544056f728239b8ffee7/4429'} Condition matched: False]
[2023-07-20 13:45:25,945,345] [{'Listing Price': 1800000.0, 'Account Value': 12.0, 'Ratio': 6.666666666666667e-06, 'Link': 'https://opensea.io/assets/ethereum/0x789e35a999c443fe6089544056f728239b8ffee7/1676'} Condition matched: False]
[2023-07-20 13:45:25,948,236] [Updating Spreadsheet: YN Ratio Sheet]
[2023-07-20 13:45:29,304,264] [Updated SpreadSheet: YN Ratio Sheet: WorkSheet: Sheet1]
[2023-07-20 13:45:29,305,360] [collection stats have been updated in Spreadsheet: YN Ratio Sheet]
[2023-07-20 13:45:29,306,301] [Getting trait balance]
[2023-07-20 13:45:32,394,319] [Waiting for items]
[2023-07-20 13:45:32,615,345] [{'Listing Price': 36.0, 'Account Value': 12.0, 'Ratio': 0.3333333333333333, 'Link': 'https://opensea.io/assets/ethereum/0x789e35a999c443fe6089544056f728239b8ffee7/4429'} Condition matched: False]
[2023-07-20 13:45:32,762,345] [{'Listing Price': 1800000.0, 'Account Value': 12.0, 'Ratio': 6.666666666666667e-06, 'Link': 'https://opensea.io/assets/ethereum/0x789e35a999c443fe6089544056f728239b8ffee7/1676'} Condition matched: False]
[2023-07-20 13:45:32,764,236] [Updating Spreadsheet: YN Ratio Sheet]
[2023-07-20 13:45:36,439,264] [Updated SpreadSheet: YN Ratio Sheet: WorkSheet: Sheet1]
[2023-07-20 13:45:36,440,360] [collection stats have been updated in Spreadsheet: YN Ratio Sheet]
[2023-07-20 13:45:36,441,301] [Getting trait balance]
[2023-07-20 13:49:25,242,221] [Getting SpreadSheet Auth: YN Ratio Sheet]
[2023-07-20 13:49:25,775,367] [OpenSeaAlertBot launched]
[2023-07-20 13:49:25,778,270] [Monitoring NFT Collection: https://opensea.io/collection/ul-punks2023]
[2023-07-20 13:49:38,498,278] [Waiting for collection]
[2023-07-20 13:49:40,319,301] [Getting trait balance]
[2023-07-20 13:49:43,457,319] [Waiting for items]
[2023-07-20 13:49:43,716,342] [Set Ratio: 6]
[2023-07-20 13:49:43,716,346] [{'Listing Price': 36.0, 'Account Value': 12.0, 'Ratio': 0.3333333333333333, 'Link': 'https://opensea.io/assets/ethereum/0x789e35a999c443fe6089544056f728239b8ffee7/4429'} Condition matched: False]
[2023-07-20 13:49:43,816,342] [Set Ratio: 6]
[2023-07-20 13:49:43,817,346] [{'Listing Price': 1800000.0, 'Account Value': 12.0, 'Ratio': 6.666666666666667e-06, 'Link': 'https://opensea.io/assets/ethereum/0x789e35a999c443fe6089544056f728239b8ffee7/1676'} Condition matched: False]
[2023-07-20 13:49:43,820,236] [Updating Spreadsheet: YN Ratio Sheet]
[2023-07-20 13:49:48,976,264] [Updated SpreadSheet: YN Ratio Sheet: WorkSheet: Sheet1]
[2023-07-20 13:49:48,978,361] [collection stats have been updated in Spreadsheet: YN Ratio Sheet]
[2023-07-20 13:49:48,979,301] [Getting trait balance]
[2023-07-20 13:49:52,055,319] [Waiting for items]
[2023-07-20 13:49:52,204,342] [Set Ratio: 6]
[2023-07-20 13:49:52,205,346] [{'Listing Price': 36.0, 'Account Value': 12.0, 'Ratio': 0.3333333333333333, 'Link': 'https://opensea.io/assets/ethereum/0x789e35a999c443fe6089544056f728239b8ffee7/4429'} Condition matched: False]
[2023-07-20 13:49:52,324,342] [Set Ratio: 6]
[2023-07-20 13:49:52,325,346] [{'Listing Price': 1800000.0, 'Account Value': 12.0, 'Ratio': 6.666666666666667e-06, 'Link': 'https://opensea.io/assets/ethereum/0x789e35a999c443fe6089544056f728239b8ffee7/1676'} Condition matched: False]
[2023-07-20 13:49:52,328,236] [Updating Spreadsheet: YN Ratio Sheet]
[2023-07-20 13:49:55,928,264] [Updated SpreadSheet: YN Ratio Sheet: WorkSheet: Sheet1]
[2023-07-20 13:49:55,929,361] [collection stats have been updated in Spreadsheet: YN Ratio Sheet]
[2023-07-20 13:49:55,930,301] [Getting trait balance]
[2023-07-20 13:49:59,020,319] [Waiting for items]
[2023-07-20 13:49:59,181,342] [Set Ratio: 6]
[2023-07-20 13:49:59,182,346] [{'Listing Price': 36.0, 'Account Value': 12.0, 'Ratio': 0.3333333333333333, 'Link': 'https://opensea.io/assets/ethereum/0x789e35a999c443fe6089544056f728239b8ffee7/4429'} Condition matched: False]
[2023-07-20 13:49:59,309,342] [Set Ratio: 6]
[2023-07-20 13:49:59,310,346] [{'Listing Price': 1800000.0, 'Account Value': 12.0, 'Ratio': 6.666666666666667e-06, 'Link': 'https://opensea.io/assets/ethereum/0x789e35a999c443fe6089544056f728239b8ffee7/1676'} Condition matched: False]
[2023-07-20 13:49:59,312,236] [Updating Spreadsheet: YN Ratio Sheet]
[2023-07-20 13:50:04,090,264] [Updated SpreadSheet: YN Ratio Sheet: WorkSheet: Sheet1]
[2023-07-20 13:50:04,091,361] [collection stats have been updated in Spreadsheet: YN Ratio Sheet]
[2023-07-20 13:50:04,092,301] [Getting trait balance]
[2023-07-20 13:50:07,190,319] [Waiting for items]
[2023-07-20 13:50:07,374,342] [Set Ratio: 6]
[2023-07-20 13:50:07,376,346] [{'Listing Price': 36.0, 'Account Value': 12.0, 'Ratio': 0.3333333333333333, 'Link': 'https://opensea.io/assets/ethereum/0x789e35a999c443fe6089544056f728239b8ffee7/4429'} Condition matched: False]
[2023-07-20 13:50:07,509,342] [Set Ratio: 6]
[2023-07-20 13:50:07,510,346] [{'Listing Price': 1800000.0, 'Account Value': 12.0, 'Ratio': 6.666666666666667e-06, 'Link': 'https://opensea.io/assets/ethereum/0x789e35a999c443fe6089544056f728239b8ffee7/1676'} Condition matched: False]
[2023-07-20 13:50:07,511,236] [Updating Spreadsheet: YN Ratio Sheet]
[2023-07-20 13:51:50,144,221] [Getting SpreadSheet Auth: YN Ratio Sheet]
[2023-07-20 13:51:50,542,367] [OpenSeaAlertBot launched]
[2023-07-20 13:51:50,543,270] [Monitoring NFT Collection: https://opensea.io/collection/ul-punks2023]
[2023-07-20 13:52:04,320,278] [Waiting for collection]
[2023-07-20 13:52:06,180,301] [Getting trait balance]
[2023-07-20 13:52:09,313,319] [Waiting for items]
[2023-07-20 13:52:09,542,342] [Set Ratio: 6.0]
[2023-07-20 13:52:09,543,346] [{'Listing Price': 36.0, 'Account Value': 12.0, 'Ratio': 0.3333333333333333, 'Link': 'https://opensea.io/assets/ethereum/0x789e35a999c443fe6089544056f728239b8ffee7/4429'} Condition matched: False]
[2023-07-20 13:52:09,722,342] [Set Ratio: 6.0]
[2023-07-20 13:52:09,723,346] [{'Listing Price': 1800000.0, 'Account Value': 12.0, 'Ratio': 6.666666666666667e-06, 'Link': 'https://opensea.io/assets/ethereum/0x789e35a999c443fe6089544056f728239b8ffee7/1676'} Condition matched: False]
[2023-07-20 13:52:09,726,236] [Updating Spreadsheet: YN Ratio Sheet]
[2023-07-20 13:52:14,507,264] [Updated SpreadSheet: YN Ratio Sheet: WorkSheet: Sheet1]
[2023-07-20 13:52:14,508,361] [collection stats have been updated in Spreadsheet: YN Ratio Sheet]
[2023-07-20 13:52:14,509,301] [Getting trait balance]
[2023-07-20 13:52:17,588,319] [Waiting for items]
[2023-07-20 13:52:17,785,342] [Set Ratio: 6.0]
[2023-07-20 13:52:17,786,346] [{'Listing Price': 36.0, 'Account Value': 12.0, 'Ratio': 0.3333333333333333, 'Link': 'https://opensea.io/assets/ethereum/0x789e35a999c443fe6089544056f728239b8ffee7/4429'} Condition matched: False]
[2023-07-20 13:52:17,935,342] [Set Ratio: 6.0]
[2023-07-20 13:52:17,935,346] [{'Listing Price': 1800000.0, 'Account Value': 12.0, 'Ratio': 6.666666666666667e-06, 'Link': 'https://opensea.io/assets/ethereum/0x789e35a999c443fe6089544056f728239b8ffee7/1676'} Condition matched: False]
[2023-07-20 13:52:17,937,236] [Updating Spreadsheet: YN Ratio Sheet]
[2023-07-20 13:52:21,610,264] [Updated SpreadSheet: YN Ratio Sheet: WorkSheet: Sheet1]
[2023-07-20 13:52:21,611,361] [collection stats have been updated in Spreadsheet: YN Ratio Sheet]
[2023-07-20 13:52:21,612,301] [Getting trait balance]
[2023-07-20 13:52:50,411,221] [Getting SpreadSheet Auth: YN Ratio Sheet]
[2023-07-20 13:52:50,748,367] [OpenSeaAlertBot launched]
[2023-07-20 13:52:50,748,270] [Monitoring NFT Collection: https://opensea.io/collection/ul-punks2023]
[2023-07-20 13:53:05,024,278] [Waiting for collection]
[2023-07-20 13:53:07,343,301] [Getting trait balance]
[2023-07-20 13:53:10,529,319] [Waiting for items]
[2023-07-20 13:53:10,793,342] [Set Ratio: 6.0]
[2023-07-20 13:53:10,794,346] [{'Listing Price': 36.0, 'Account Value': 12.0, 'Ratio': 0.3333333333333333, 'Link': 'https://opensea.io/assets/ethereum/0x789e35a999c443fe6089544056f728239b8ffee7/4429'} Condition matched: False]
[2023-07-20 13:53:10,894,342] [Set Ratio: 6.0]
[2023-07-20 13:53:10,895,346] [{'Listing Price': 1800000.0, 'Account Value': 12.0, 'Ratio': 6.666666666666667e-06, 'Link': 'https://opensea.io/assets/ethereum/0x789e35a999c443fe6089544056f728239b8ffee7/1676'} Condition matched: False]
[2023-07-20 13:53:10,897,236] [Updating Spreadsheet: YN Ratio Sheet]
[2023-07-20 13:53:33,481,264] [Updated SpreadSheet: YN Ratio Sheet: WorkSheet: Sheet1]
[2023-07-20 13:53:33,482,361] [collection stats have been updated in Spreadsheet: YN Ratio Sheet]
[2023-07-20 13:53:33,483,301] [Getting trait balance]
[2023-07-20 13:53:36,603,319] [Waiting for items]
[2023-07-20 13:53:36,757,342] [Set Ratio: 6.0]
[2023-07-20 13:53:36,759,346] [{'Listing Price': 36.0, 'Account Value': 12.0, 'Ratio': 0.3333333333333333, 'Link': 'https://opensea.io/assets/ethereum/0x789e35a999c443fe6089544056f728239b8ffee7/4429'} Condition matched: False]
[2023-07-20 13:53:36,893,342] [Set Ratio: 6.0]
[2023-07-20 13:53:36,894,346] [{'Listing Price': 1800000.0, 'Account Value': 12.0, 'Ratio': 6.666666666666667e-06, 'Link': 'https://opensea.io/assets/ethereum/0x789e35a999c443fe6089544056f728239b8ffee7/1676'} Condition matched: False]
[2023-07-20 13:53:36,897,236] [Updating Spreadsheet: YN Ratio Sheet]
[2023-07-20 13:53:40,712,264] [Updated SpreadSheet: YN Ratio Sheet: WorkSheet: Sheet1]
[2023-07-20 13:53:40,713,361] [collection stats have been updated in Spreadsheet: YN Ratio Sheet]
[2023-07-20 13:53:40,714,301] [Getting trait balance]
[2023-07-20 13:53:48,555,221] [Getting SpreadSheet Auth: YN Ratio Sheet]
[2023-07-20 13:53:48,953,367] [OpenSeaAlertBot launched]
[2023-07-20 13:53:48,954,270] [Monitoring NFT Collection: https://opensea.io/collection/ul-punks2023]
[2023-07-20 13:54:01,834,278] [Waiting for collection]
[2023-07-20 13:54:03,795,301] [Getting trait balance]
[2023-07-20 13:54:06,933,319] [Waiting for items]
[2023-07-20 13:54:07,200,342] [Set Ratio: 6.0]
[2023-07-20 13:54:07,200,346] [{'Listing Price': 36.0, 'Account Value': 12.0, 'Ratio': 0.33, 'Link': 'https://opensea.io/assets/ethereum/0x789e35a999c443fe6089544056f728239b8ffee7/4429'} Condition matched: False]
[2023-07-20 13:54:07,336,342] [Set Ratio: 6.0]
[2023-07-20 13:54:07,337,346] [{'Listing Price': 1800000.0, 'Account Value': 12.0, 'Ratio': 0.0, 'Link': 'https://opensea.io/assets/ethereum/0x789e35a999c443fe6089544056f728239b8ffee7/1676'} Condition matched: False]
[2023-07-20 13:54:07,339,236] [Updating Spreadsheet: YN Ratio Sheet]
[2023-07-20 13:54:12,191,264] [Updated SpreadSheet: YN Ratio Sheet: WorkSheet: Sheet1]
[2023-07-20 13:54:12,192,361] [collection stats have been updated in Spreadsheet: YN Ratio Sheet]
[2023-07-20 13:54:12,193,301] [Getting trait balance]
[2023-07-20 13:54:15,269,319] [Waiting for items]
[2023-07-20 13:54:15,451,342] [Set Ratio: 6.0]
[2023-07-20 13:54:15,452,346] [{'Listing Price': 36.0, 'Account Value': 12.0, 'Ratio': 0.33, 'Link': 'https://opensea.io/assets/ethereum/0x789e35a999c443fe6089544056f728239b8ffee7/4429'} Condition matched: False]
[2023-07-20 13:54:15,573,342] [Set Ratio: 6.0]
[2023-07-20 13:54:15,574,346] [{'Listing Price': 1800000.0, 'Account Value': 12.0, 'Ratio': 0.0, 'Link': 'https://opensea.io/assets/ethereum/0x789e35a999c443fe6089544056f728239b8ffee7/1676'} Condition matched: False]
[2023-07-20 13:54:15,578,236] [Updating Spreadsheet: YN Ratio Sheet]
[2023-07-20 13:56:14,125,221] [Getting SpreadSheet Auth: YN Ratio Sheet]
[2023-07-20 13:56:14,443,367] [OpenSeaAlertBot launched]
[2023-07-20 13:56:14,444,270] [Monitoring NFT Collection: https://opensea.io/collection/ul-punks2023]
[2023-07-20 13:56:26,903,278] [Waiting for collection]
[2023-07-20 13:56:29,154,301] [Getting trait balance]
[2023-07-20 13:56:32,266,319] [Waiting for items]
[2023-07-20 13:56:32,452,342] [Set Ratio: 6.0]
[2023-07-20 13:56:32,453,346] [{'Listing Price': 0.02, 'Account Value': 12.0, 'Ratio': 600.0, 'Link': 'https://opensea.io/assets/ethereum/0x789e35a999c443fe6089544056f728239b8ffee7/4429'} Condition matched: True]
[2023-07-20 13:56:32,453,154] [Sending Telegram message: {'Listing Price': 0.02, 'Account Value': 12.0, 'Ratio': 600.0, 'Link': 'https://opensea.io/assets/ethereum/0x789e35a999c443fe6089544056f728239b8ffee7/4429'}]
[2023-07-20 13:56:35,138,157] [Sending Telegram message has been sent]
[2023-07-20 13:56:35,338,342] [Set Ratio: 6.0]
[2023-07-20 13:56:35,339,346] [{'Listing Price': 1000.0, 'Account Value': 12.0, 'Ratio': 0.01, 'Link': 'https://opensea.io/assets/ethereum/0x789e35a999c443fe6089544056f728239b8ffee7/1676'} Condition matched: False]
[2023-07-20 13:56:35,340,236] [Updating Spreadsheet: YN Ratio Sheet]
[2023-07-20 13:56:40,402,264] [Updated SpreadSheet: YN Ratio Sheet: WorkSheet: Sheet1]
[2023-07-20 13:56:40,403,361] [collection stats have been updated in Spreadsheet: YN Ratio Sheet]
[2023-07-20 13:56:40,404,301] [Getting trait balance]
[2023-07-20 13:56:43,483,319] [Waiting for items]
[2023-07-20 13:56:43,634,342] [Set Ratio: 6.0]
[2023-07-20 13:56:43,635,346] [{'Listing Price': 0.02, 'Account Value': 12.0, 'Ratio': 600.0, 'Link': 'https://opensea.io/assets/ethereum/0x789e35a999c443fe6089544056f728239b8ffee7/4429'} Condition matched: True]
[2023-07-20 13:56:43,635,154] [Sending Telegram message: {'Listing Price': 0.02, 'Account Value': 12.0, 'Ratio': 600.0, 'Link': 'https://opensea.io/assets/ethereum/0x789e35a999c443fe6089544056f728239b8ffee7/4429'}]
[2023-07-20 13:56:44,315,157] [Sending Telegram message has been sent]
[2023-07-20 13:56:44,417,342] [Set Ratio: 6.0]
[2023-07-20 13:56:44,418,346] [{'Listing Price': 1000.0, 'Account Value': 12.0, 'Ratio': 0.01, 'Link': 'https://opensea.io/assets/ethereum/0x789e35a999c443fe6089544056f728239b8ffee7/1676'} Condition matched: False]
[2023-07-20 13:56:44,419,236] [Updating Spreadsheet: YN Ratio Sheet]
[2023-07-20 13:56:48,041,264] [Updated SpreadSheet: YN Ratio Sheet: WorkSheet: Sheet1]
[2023-07-20 13:56:48,042,361] [collection stats have been updated in Spreadsheet: YN Ratio Sheet]
[2023-07-20 13:56:48,043,301] [Getting trait balance]
[2023-07-20 13:56:51,119,319] [Waiting for items]
[2023-07-20 13:56:51,321,342] [Set Ratio: 6.0]
[2023-07-20 13:56:51,323,346] [{'Listing Price': 0.02, 'Account Value': 12.0, 'Ratio': 600.0, 'Link': 'https://opensea.io/assets/ethereum/0x789e35a999c443fe6089544056f728239b8ffee7/4429'} Condition matched: True]
[2023-07-20 13:56:51,324,154] [Sending Telegram message: {'Listing Price': 0.02, 'Account Value': 12.0, 'Ratio': 600.0, 'Link': 'https://opensea.io/assets/ethereum/0x789e35a999c443fe6089544056f728239b8ffee7/4429'}]
[2023-07-20 13:56:52,434,157] [Sending Telegram message has been sent]
[2023-07-20 13:56:52,539,342] [Set Ratio: 6.0]
[2023-07-20 13:56:52,541,346] [{'Listing Price': 1000.0, 'Account Value': 12.0, 'Ratio': 0.01, 'Link': 'https://opensea.io/assets/ethereum/0x789e35a999c443fe6089544056f728239b8ffee7/1676'} Condition matched: False]
[2023-07-20 13:56:52,544,236] [Updating Spreadsheet: YN Ratio Sheet]
[2023-07-20 13:59:32,979,221] [Getting SpreadSheet Auth: YN Ratio Sheet]
[2023-07-20 13:59:33,283,367] [OpenSeaAlertBot launched]
[2023-07-20 13:59:33,284,270] [Monitoring NFT Collection: https://opensea.io/collection/ul-punks2023]
[2023-07-20 13:59:45,597,278] [Waiting for collection]
[2023-07-20 13:59:47,395,301] [Getting trait balance]
[2023-07-20 13:59:50,493,319] [Waiting for items]
[2023-07-20 13:59:50,661,342] [Set Ratio: 6.0]
[2023-07-20 13:59:50,662,346] [{'Listing Price': 0.02, 'Account Value': 12.0, 'Ratio': 600.0, 'Link': 'https://opensea.io/assets/ethereum/0x789e35a999c443fe6089544056f728239b8ffee7/4429'} Condition matched: True]
[2023-07-20 13:59:50,662,154] [Sending Telegram message: {'Listing Price': 0.02, 'Account Value': 12.0, 'Ratio': 600.0, 'Link': 'https://opensea.io/assets/ethereum/0x789e35a999c443fe6089544056f728239b8ffee7/4429'}]
[2023-07-20 13:59:51,404,157] [Telegram message has been sent]
[2023-07-20 13:59:51,529,342] [Set Ratio: 6.0]
[2023-07-20 13:59:51,530,346] [{'Listing Price': 1000.0, 'Account Value': 12.0, 'Ratio': 0.01, 'Link': 'https://opensea.io/assets/ethereum/0x789e35a999c443fe6089544056f728239b8ffee7/1676'} Condition matched: False]
[2023-07-20 13:59:51,532,236] [Updating Spreadsheet: YN Ratio Sheet]
[2023-07-20 13:59:56,534,264] [Updated SpreadSheet: YN Ratio Sheet: WorkSheet: Sheet1]
[2023-07-20 13:59:56,535,361] [collection stats have been updated in Spreadsheet: YN Ratio Sheet]
[2023-07-20 13:59:56,535,301] [Getting trait balance]
[2023-07-20 13:59:59,594,319] [Waiting for items]
[2023-07-20 13:59:59,724,342] [Set Ratio: 6.0]
[2023-07-20 13:59:59,725,346] [{'Listing Price': 0.02, 'Account Value': 12.0, 'Ratio': 600.0, 'Link': 'https://opensea.io/assets/ethereum/0x789e35a999c443fe6089544056f728239b8ffee7/4429'} Condition matched: True]
[2023-07-20 13:59:59,726,154] [Sending Telegram message: {'Listing Price': 0.02, 'Account Value': 12.0, 'Ratio': 600.0, 'Link': 'https://opensea.io/assets/ethereum/0x789e35a999c443fe6089544056f728239b8ffee7/4429'}]
[2023-07-20 14:00:00,459,157] [Telegram message has been sent]
[2023-07-20 14:00:00,562,342] [Set Ratio: 6.0]
[2023-07-20 14:00:00,563,346] [{'Listing Price': 1000.0, 'Account Value': 12.0, 'Ratio': 0.01, 'Link': 'https://opensea.io/assets/ethereum/0x789e35a999c443fe6089544056f728239b8ffee7/1676'} Condition matched: False]
[2023-07-20 14:00:00,565,236] [Updating Spreadsheet: YN Ratio Sheet]
[2023-07-20 14:00:04,261,264] [Updated SpreadSheet: YN Ratio Sheet: WorkSheet: Sheet1]
[2023-07-20 14:00:04,262,361] [collection stats have been updated in Spreadsheet: YN Ratio Sheet]
[2023-07-20 14:00:04,263,301] [Getting trait balance]
[2023-07-20 14:00:07,347,319] [Waiting for items]
[2023-07-20 14:00:07,580,342] [Set Ratio: 6.0]
[2023-07-20 14:00:07,582,346] [{'Listing Price': 0.02, 'Account Value': 12.0, 'Ratio': 600.0, 'Link': 'https://opensea.io/assets/ethereum/0x789e35a999c443fe6089544056f728239b8ffee7/4429'} Condition matched: True]
[2023-07-20 14:00:07,582,154] [Sending Telegram message: {'Listing Price': 0.02, 'Account Value': 12.0, 'Ratio': 600.0, 'Link': 'https://opensea.io/assets/ethereum/0x789e35a999c443fe6089544056f728239b8ffee7/4429'}]
[2023-07-20 14:00:08,911,157] [Telegram message has been sent]
[2023-07-20 14:00:09,033,342] [Set Ratio: 6.0]
[2023-07-20 14:00:09,034,346] [{'Listing Price': 1000.0, 'Account Value': 12.0, 'Ratio': 0.01, 'Link': 'https://opensea.io/assets/ethereum/0x789e35a999c443fe6089544056f728239b8ffee7/1676'} Condition matched: False]
[2023-07-20 14:00:09,036,236] [Updating Spreadsheet: YN Ratio Sheet]
[2023-07-20 14:00:13,396,264] [Updated SpreadSheet: YN Ratio Sheet: WorkSheet: Sheet1]
[2023-07-20 14:00:13,397,361] [collection stats have been updated in Spreadsheet: YN Ratio Sheet]
[2023-07-20 14:00:13,398,301] [Getting trait balance]
[2023-07-20 14:00:16,489,319] [Waiting for items]
[2023-07-20 14:00:16,635,342] [Set Ratio: 6.0]
[2023-07-20 14:00:16,636,346] [{'Listing Price': 0.02, 'Account Value': 12.0, 'Ratio': 600.0, 'Link': 'https://opensea.io/assets/ethereum/0x789e35a999c443fe6089544056f728239b8ffee7/4429'} Condition matched: True]
[2023-07-20 14:00:16,636,154] [Sending Telegram message: {'Listing Price': 0.02, 'Account Value': 12.0, 'Ratio': 600.0, 'Link': 'https://opensea.io/assets/ethereum/0x789e35a999c443fe6089544056f728239b8ffee7/4429'}]
[2023-07-20 14:00:17,405,157] [Telegram message has been sent]
[2023-07-20 14:00:17,536,342] [Set Ratio: 6.0]
[2023-07-20 14:00:17,537,346] [{'Listing Price': 1000.0, 'Account Value': 12.0, 'Ratio': 0.01, 'Link': 'https://opensea.io/assets/ethereum/0x789e35a999c443fe6089544056f728239b8ffee7/1676'} Condition matched: False]
[2023-07-20 14:00:17,538,236] [Updating Spreadsheet: YN Ratio Sheet]
[2023-07-20 14:00:22,422,264] [Updated SpreadSheet: YN Ratio Sheet: WorkSheet: Sheet1]
[2023-07-20 14:00:22,423,361] [collection stats have been updated in Spreadsheet: YN Ratio Sheet]
[2023-07-20 14:00:22,424,301] [Getting trait balance]
[2023-07-20 14:00:25,526,319] [Waiting for items]
[2023-07-20 14:00:25,707,342] [Set Ratio: 6.0]
[2023-07-20 14:00:25,708,346] [{'Listing Price': 0.02, 'Account Value': 12.0, 'Ratio': 600.0, 'Link': 'https://opensea.io/assets/ethereum/0x789e35a999c443fe6089544056f728239b8ffee7/4429'} Condition matched: True]
[2023-07-20 14:00:25,708,154] [Sending Telegram message: {'Listing Price': 0.02, 'Account Value': 12.0, 'Ratio': 600.0, 'Link': 'https://opensea.io/assets/ethereum/0x789e35a999c443fe6089544056f728239b8ffee7/4429'}]
[2023-07-20 14:00:26,950,157] [Telegram message has been sent]
[2023-07-20 14:00:27,046,342] [Set Ratio: 6.0]
[2023-07-20 14:00:27,047,346] [{'Listing Price': 1000.0, 'Account Value': 12.0, 'Ratio': 0.01, 'Link': 'https://opensea.io/assets/ethereum/0x789e35a999c443fe6089544056f728239b8ffee7/1676'} Condition matched: False]
[2023-07-20 14:00:27,049,236] [Updating Spreadsheet: YN Ratio Sheet]
[2023-07-20 14:00:31,930,264] [Updated SpreadSheet: YN Ratio Sheet: WorkSheet: Sheet1]
[2023-07-20 14:00:31,932,361] [collection stats have been updated in Spreadsheet: YN Ratio Sheet]
[2023-07-20 14:00:31,932,301] [Getting trait balance]
[2023-07-20 14:00:35,011,319] [Waiting for items]
[2023-07-20 14:00:35,196,342] [Set Ratio: 6.0]
[2023-07-20 14:00:35,197,346] [{'Listing Price': 0.02, 'Account Value': 12.0, 'Ratio': 600.0, 'Link': 'https://opensea.io/assets/ethereum/0x789e35a999c443fe6089544056f728239b8ffee7/4429'} Condition matched: True]
[2023-07-20 14:00:35,198,154] [Sending Telegram message: {'Listing Price': 0.02, 'Account Value': 12.0, 'Ratio': 600.0, 'Link': 'https://opensea.io/assets/ethereum/0x789e35a999c443fe6089544056f728239b8ffee7/4429'}]
[2023-07-20 14:00:35,847,157] [Telegram message has been sent]
[2023-07-20 14:00:35,941,342] [Set Ratio: 6.0]
[2023-07-20 14:00:35,941,346] [{'Listing Price': 1000.0, 'Account Value': 12.0, 'Ratio': 0.01, 'Link': 'https://opensea.io/assets/ethereum/0x789e35a999c443fe6089544056f728239b8ffee7/1676'} Condition matched: False]
[2023-07-20 14:00:35,943,236] [Updating Spreadsheet: YN Ratio Sheet]
[2023-07-20 14:00:39,376,264] [Updated SpreadSheet: YN Ratio Sheet: WorkSheet: Sheet1]
[2023-07-20 14:00:39,377,361] [collection stats have been updated in Spreadsheet: YN Ratio Sheet]
[2023-07-20 14:00:39,378,301] [Getting trait balance]
[2023-07-20 14:00:42,456,319] [Waiting for items]
[2023-07-20 14:00:42,624,342] [Set Ratio: 6.0]
[2023-07-20 14:00:42,625,346] [{'Listing Price': 0.02, 'Account Value': 12.0, 'Ratio': 600.0, 'Link': 'https://opensea.io/assets/ethereum/0x789e35a999c443fe6089544056f728239b8ffee7/4429'} Condition matched: True]
[2023-07-20 14:00:42,626,154] [Sending Telegram message: {'Listing Price': 0.02, 'Account Value': 12.0, 'Ratio': 600.0, 'Link': 'https://opensea.io/assets/ethereum/0x789e35a999c443fe6089544056f728239b8ffee7/4429'}]
[2023-07-20 14:00:43,335,157] [Telegram message has been sent]
[2023-07-20 14:00:43,452,342] [Set Ratio: 6.0]
[2023-07-20 14:00:43,453,346] [{'Listing Price': 1000.0, 'Account Value': 12.0, 'Ratio': 0.01, 'Link': 'https://opensea.io/assets/ethereum/0x789e35a999c443fe6089544056f728239b8ffee7/1676'} Condition matched: False]
[2023-07-20 14:00:43,455,236] [Updating Spreadsheet: YN Ratio Sheet]
[2023-07-20 14:00:46,710,264] [Updated SpreadSheet: YN Ratio Sheet: WorkSheet: Sheet1]
[2023-07-20 14:00:46,711,361] [collection stats have been updated in Spreadsheet: YN Ratio Sheet]
[2023-07-20 14:00:46,713,301] [Getting trait balance]
[2023-07-20 14:00:49,807,319] [Waiting for items]
[2023-07-20 14:00:49,964,342] [Set Ratio: 6.0]
[2023-07-20 14:00:49,965,346] [{'Listing Price': 0.02, 'Account Value': 12.0, 'Ratio': 600.0, 'Link': 'https://opensea.io/assets/ethereum/0x789e35a999c443fe6089544056f728239b8ffee7/4429'} Condition matched: True]
[2023-07-20 14:00:49,965,154] [Sending Telegram message: {'Listing Price': 0.02, 'Account Value': 12.0, 'Ratio': 600.0, 'Link': 'https://opensea.io/assets/ethereum/0x789e35a999c443fe6089544056f728239b8ffee7/4429'}]
[2023-07-20 14:00:51,683,157] [Telegram message has been sent]
[2023-07-20 14:00:51,788,342] [Set Ratio: 6.0]
[2023-07-20 14:00:51,789,346] [{'Listing Price': 1000.0, 'Account Value': 12.0, 'Ratio': 0.01, 'Link': 'https://opensea.io/assets/ethereum/0x789e35a999c443fe6089544056f728239b8ffee7/1676'} Condition matched: False]
[2023-07-20 14:00:51,790,236] [Updating Spreadsheet: YN Ratio Sheet]
[2023-07-20 14:00:55,365,264] [Updated SpreadSheet: YN Ratio Sheet: WorkSheet: Sheet1]
[2023-07-20 14:00:55,365,361] [collection stats have been updated in Spreadsheet: YN Ratio Sheet]
[2023-07-20 14:00:55,366,301] [Getting trait balance]
[2023-07-20 14:00:58,450,319] [Waiting for items]
[2023-07-20 14:00:58,647,342] [Set Ratio: 6.0]
[2023-07-20 14:00:58,649,346] [{'Listing Price': 0.02, 'Account Value': 12.0, 'Ratio': 600.0, 'Link': 'https://opensea.io/assets/ethereum/0x789e35a999c443fe6089544056f728239b8ffee7/4429'} Condition matched: True]
[2023-07-20 14:00:58,651,154] [Sending Telegram message: {'Listing Price': 0.02, 'Account Value': 12.0, 'Ratio': 600.0, 'Link': 'https://opensea.io/assets/ethereum/0x789e35a999c443fe6089544056f728239b8ffee7/4429'}]
[2023-07-20 14:00:59,374,157] [Telegram message has been sent]
[2023-07-20 14:00:59,552,342] [Set Ratio: 6.0]
[2023-07-20 14:00:59,553,346] [{'Listing Price': 1000.0, 'Account Value': 12.0, 'Ratio': 0.01, 'Link': 'https://opensea.io/assets/ethereum/0x789e35a999c443fe6089544056f728239b8ffee7/1676'} Condition matched: False]
[2023-07-20 14:00:59,555,236] [Updating Spreadsheet: YN Ratio Sheet]
[2023-07-20 14:01:03,082,264] [Updated SpreadSheet: YN Ratio Sheet: WorkSheet: Sheet1]
[2023-07-20 14:01:03,083,361] [collection stats have been updated in Spreadsheet: YN Ratio Sheet]
[2023-07-20 14:01:03,084,301] [Getting trait balance]
[2023-07-20 14:01:06,215,319] [Waiting for items]
[2023-07-20 14:01:06,375,342] [Set Ratio: 6.0]
[2023-07-20 14:01:06,376,346] [{'Listing Price': 0.02, 'Account Value': 12.0, 'Ratio': 600.0, 'Link': 'https://opensea.io/assets/ethereum/0x789e35a999c443fe6089544056f728239b8ffee7/4429'} Condition matched: True]
[2023-07-20 14:01:06,377,154] [Sending Telegram message: {'Listing Price': 0.02, 'Account Value': 12.0, 'Ratio': 600.0, 'Link': 'https://opensea.io/assets/ethereum/0x789e35a999c443fe6089544056f728239b8ffee7/4429'}]
[2023-07-20 14:01:07,064,157] [Telegram message has been sent]
[2023-07-20 14:01:07,180,342] [Set Ratio: 6.0]
[2023-07-20 14:01:07,182,346] [{'Listing Price': 1000.0, 'Account Value': 12.0, 'Ratio': 0.01, 'Link': 'https://opensea.io/assets/ethereum/0x789e35a999c443fe6089544056f728239b8ffee7/1676'} Condition matched: False]
[2023-07-20 14:01:07,183,236] [Updating Spreadsheet: YN Ratio Sheet]
[2023-07-20 14:01:10,484,264] [Updated SpreadSheet: YN Ratio Sheet: WorkSheet: Sheet1]
[2023-07-20 14:01:10,485,361] [collection stats have been updated in Spreadsheet: YN Ratio Sheet]
[2023-07-20 14:01:10,485,301] [Getting trait balance]
[2023-07-20 14:01:13,554,319] [Waiting for items]
[2023-07-20 14:01:13,697,342] [Set Ratio: 6.0]
[2023-07-20 14:01:13,698,346] [{'Listing Price': 0.02, 'Account Value': 12.0, 'Ratio': 600.0, 'Link': 'https://opensea.io/assets/ethereum/0x789e35a999c443fe6089544056f728239b8ffee7/4429'} Condition matched: True]
[2023-07-20 14:01:13,699,154] [Sending Telegram message: {'Listing Price': 0.02, 'Account Value': 12.0, 'Ratio': 600.0, 'Link': 'https://opensea.io/assets/ethereum/0x789e35a999c443fe6089544056f728239b8ffee7/4429'}]
[2023-07-20 14:01:14,368,157] [Telegram message has been sent]
[2023-07-20 14:01:14,467,342] [Set Ratio: 6.0]
[2023-07-20 14:01:14,468,346] [{'Listing Price': 1000.0, 'Account Value': 12.0, 'Ratio': 0.01, 'Link': 'https://opensea.io/assets/ethereum/0x789e35a999c443fe6089544056f728239b8ffee7/1676'} Condition matched: False]
[2023-07-20 14:01:14,470,236] [Updating Spreadsheet: YN Ratio Sheet]
[2023-07-20 14:01:17,856,264] [Updated SpreadSheet: YN Ratio Sheet: WorkSheet: Sheet1]
[2023-07-20 14:01:17,857,361] [collection stats have been updated in Spreadsheet: YN Ratio Sheet]
[2023-07-20 14:01:17,858,301] [Getting trait balance]
[2023-07-20 14:01:20,918,319] [Waiting for items]
[2023-07-20 14:01:21,075,342] [Set Ratio: 6.0]
[2023-07-20 14:01:21,076,346] [{'Listing Price': 0.02, 'Account Value': 12.0, 'Ratio': 600.0, 'Link': 'https://opensea.io/assets/ethereum/0x789e35a999c443fe6089544056f728239b8ffee7/4429'} Condition matched: True]
[2023-07-20 14:01:21,078,154] [Sending Telegram message: {'Listing Price': 0.02, 'Account Value': 12.0, 'Ratio': 600.0, 'Link': 'https://opensea.io/assets/ethereum/0x789e35a999c443fe6089544056f728239b8ffee7/4429'}]
[2023-07-20 14:01:21,734,157] [Telegram message has been sent]
[2023-07-20 14:01:21,833,342] [Set Ratio: 6.0]
[2023-07-20 14:01:21,834,346] [{'Listing Price': 1000.0, 'Account Value': 12.0, 'Ratio': 0.01, 'Link': 'https://opensea.io/assets/ethereum/0x789e35a999c443fe6089544056f728239b8ffee7/1676'} Condition matched: False]
[2023-07-20 14:01:21,835,236] [Updating Spreadsheet: YN Ratio Sheet]
[2023-07-20 14:01:25,068,264] [Updated SpreadSheet: YN Ratio Sheet: WorkSheet: Sheet1]
[2023-07-20 14:01:25,069,361] [collection stats have been updated in Spreadsheet: YN Ratio Sheet]
[2023-07-20 14:01:25,069,301] [Getting trait balance]
[2023-07-20 14:01:28,183,319] [Waiting for items]
[2023-07-20 14:01:28,412,342] [Set Ratio: 6.0]
[2023-07-20 14:01:28,412,346] [{'Listing Price': 0.02, 'Account Value': 12.0, 'Ratio': 600.0, 'Link': 'https://opensea.io/assets/ethereum/0x789e35a999c443fe6089544056f728239b8ffee7/4429'} Condition matched: True]
[2023-07-20 14:01:28,413,154] [Sending Telegram message: {'Listing Price': 0.02, 'Account Value': 12.0, 'Ratio': 600.0, 'Link': 'https://opensea.io/assets/ethereum/0x789e35a999c443fe6089544056f728239b8ffee7/4429'}]
[2023-07-20 14:01:29,092,157] [Telegram message has been sent]
[2023-07-20 14:01:29,188,342] [Set Ratio: 6.0]
[2023-07-20 14:01:29,188,346] [{'Listing Price': 1000.0, 'Account Value': 12.0, 'Ratio': 0.01, 'Link': 'https://opensea.io/assets/ethereum/0x789e35a999c443fe6089544056f728239b8ffee7/1676'} Condition matched: False]
[2023-07-20 14:01:29,190,236] [Updating Spreadsheet: YN Ratio Sheet]
[2023-07-20 14:01:32,393,264] [Updated SpreadSheet: YN Ratio Sheet: WorkSheet: Sheet1]
[2023-07-20 14:01:32,393,361] [collection stats have been updated in Spreadsheet: YN Ratio Sheet]
[2023-07-20 14:01:32,394,301] [Getting trait balance]
[2023-07-20 14:01:35,455,319] [Waiting for items]
[2023-07-20 14:01:35,592,342] [Set Ratio: 6.0]
[2023-07-20 14:01:35,593,346] [{'Listing Price': 0.02, 'Account Value': 12.0, 'Ratio': 600.0, 'Link': 'https://opensea.io/assets/ethereum/0x789e35a999c443fe6089544056f728239b8ffee7/4429'} Condition matched: True]
[2023-07-20 14:01:35,594,154] [Sending Telegram message: {'Listing Price': 0.02, 'Account Value': 12.0, 'Ratio': 600.0, 'Link': 'https://opensea.io/assets/ethereum/0x789e35a999c443fe6089544056f728239b8ffee7/4429'}]
[2023-07-20 14:01:36,284,157] [Telegram message has been sent]
[2023-07-20 14:01:36,536,342] [Set Ratio: 6.0]
[2023-07-20 14:01:36,537,346] [{'Listing Price': 1000.0, 'Account Value': 12.0, 'Ratio': 0.01, 'Link': 'https://opensea.io/assets/ethereum/0x789e35a999c443fe6089544056f728239b8ffee7/1676'} Condition matched: False]
[2023-07-20 14:01:36,538,236] [Updating Spreadsheet: YN Ratio Sheet]
[2023-07-20 14:01:39,962,264] [Updated SpreadSheet: YN Ratio Sheet: WorkSheet: Sheet1]
[2023-07-20 14:01:39,963,361] [collection stats have been updated in Spreadsheet: YN Ratio Sheet]
[2023-07-20 14:01:39,965,301] [Getting trait balance]
[2023-07-20 14:01:43,052,319] [Waiting for items]
[2023-07-20 14:01:43,200,342] [Set Ratio: 6.0]
[2023-07-20 14:01:43,201,346] [{'Listing Price': 0.02, 'Account Value': 12.0, 'Ratio': 600.0, 'Link': 'https://opensea.io/assets/ethereum/0x789e35a999c443fe6089544056f728239b8ffee7/4429'} Condition matched: True]
[2023-07-20 14:01:43,201,154] [Sending Telegram message: {'Listing Price': 0.02, 'Account Value': 12.0, 'Ratio': 600.0, 'Link': 'https://opensea.io/assets/ethereum/0x789e35a999c443fe6089544056f728239b8ffee7/4429'}]
[2023-07-20 14:01:43,862,157] [Telegram message has been sent]
[2023-07-20 14:01:43,981,342] [Set Ratio: 6.0]
[2023-07-20 14:01:43,982,346] [{'Listing Price': 1000.0, 'Account Value': 12.0, 'Ratio': 0.01, 'Link': 'https://opensea.io/assets/ethereum/0x789e35a999c443fe6089544056f728239b8ffee7/1676'} Condition matched: False]
[2023-07-20 14:01:43,984,236] [Updating Spreadsheet: YN Ratio Sheet]
[2023-07-20 14:01:47,307,264] [Updated SpreadSheet: YN Ratio Sheet: WorkSheet: Sheet1]
[2023-07-20 14:01:47,309,361] [collection stats have been updated in Spreadsheet: YN Ratio Sheet]
[2023-07-20 14:01:47,310,301] [Getting trait balance]
[2023-07-20 15:25:59,755,235] [Getting SpreadSheet Auth: YN Ratio Sheet]
[2023-07-20 15:26:00,017,381] [OpenSeaAlertBot launched]
[2023-07-20 15:26:33,803,235] [Getting SpreadSheet Auth: YN Ratio Sheet]
[2023-07-20 15:26:34,126,381] [OpenSeaAlertBot launched]
[2023-07-20 15:26:57,786,235] [Getting SpreadSheet Auth: YN Ratio Sheet]
[2023-07-20 15:26:58,084,381] [OpenSeaAlertBot launched]
[2023-07-20 15:27:10,680,235] [Getting SpreadSheet Auth: YN Ratio Sheet]
[2023-07-20 15:27:10,933,381] [OpenSeaAlertBot launched]
[2023-07-20 15:27:33,232,235] [Getting SpreadSheet Auth: YN Ratio Sheet]
[2023-07-20 15:27:33,624,381] [OpenSeaAlertBot launched]
[2023-07-20 15:28:14,103,235] [Getting SpreadSheet Auth: YN Ratio Sheet]
[2023-07-20 15:28:14,361,381] [OpenSeaAlertBot launched]
[2023-07-20 15:35:39,905,236] [Getting SpreadSheet Auth: YN Ratio Sheet]
[2023-07-20 15:35:40,215,382] [OpenSeaAlertBot launched]
[2023-07-20 15:35:40,339,285] [Monitoring NFT Collection: https://opensea.io/collection/ul-punks2023]
[2023-07-20 15:38:16,951,237] [Getting SpreadSheet Auth: YN Ratio Sheet]
[2023-07-20 15:38:17,241,383] [OpenSeaAlertBot launched]
[2023-07-20 15:38:17,297,286] [Monitoring NFT Collection: https://opensea.io/collection/ul-punks2023]
[2023-07-20 15:38:28,205,294] [Waiting for collection]
[2023-07-20 15:38:30,318,317] [Getting trait balance]
[2023-07-20 15:38:49,216,237] [Getting SpreadSheet Auth: YN Ratio Sheet]
[2023-07-20 15:38:49,495,383] [OpenSeaAlertBot launched]
[2023-07-20 15:38:49,543,286] [Monitoring NFT Collection: https://opensea.io/collection/ul-punks2023]
[2023-07-20 15:38:58,177,294] [Waiting for collection]
[2023-07-20 15:38:59,905,317] [Getting trait balance]
[2023-07-20 23:53:41,783,227] [Getting SpreadSheet Auth: YN Ratio Sheet]
[2023-07-20 23:53:42,243,374] [OpenSeaAlertBot launched]
[2023-07-20 23:53:42,244,276] [Monitoring NFT Collection: https://opensea.io/collection/ul-punks2023]
[2023-07-20 23:54:20,670,227] [Getting SpreadSheet Auth: YN Ratio Sheet]
[2023-07-20 23:54:20,987,374] [OpenSeaAlertBot launched]
[2023-07-20 23:54:20,988,276] [Monitoring NFT Collection: https://opensea.io/collection/yieldnodesnft]
[2023-07-20 23:54:37,183,284] [Waiting for collection]
[2023-07-20 23:54:41,431,307] [Getting trait balance]
[2023-07-20 23:56:41,799,227] [Getting SpreadSheet Auth: YN Ratio Sheet]
[2023-07-20 23:56:42,080,374] [OpenSeaAlertBot launched]
[2023-07-20 23:56:42,081,276] [Monitoring NFT Collection: https://opensea.io/collection/yieldnodesnft]
[2023-07-20 23:56:57,697,284] [Waiting for collection]
[2023-07-20 23:57:02,522,307] [Getting trait balance]
[2023-07-20 23:57:07,735,325] [Waiting for items]
[2023-07-20 23:57:27,742,329] [No item found, going to next cycle]
[2023-07-20 23:57:30,744,307] [Getting trait balance]
